token	tag	line :column
class	class	2:1
Expr	CLASS_ID	2:7
{	{	2:12
int	int	3:5
eval	Identifier	3:9
(	(	3:13
)	)	3:14
{	{	3:16
return	return	3:18
0	INTEGER	3:25
;	;	3:26
}	}	3:28
}	}	4:1
class	class	6:1
BinOp	CLASS_ID	6:7
extends	extends	6:13
Expr	CLASS_ID	6:21
{	{	6:26
Expr	CLASS_ID	7:5
leftOperand	Identifier	7:10
;	;	7:21
Expr	CLASS_ID	8:5
rightOperand	Identifier	8:10
;	;	8:22
}	}	9:1
class	class	11:1
Add	CLASS_ID	11:7
extends	extends	11:11
BinOp	CLASS_ID	11:19
{	{	11:25
int	int	12:5
eval	Identifier	12:9
(	(	12:13
)	)	12:14
{	{	12:16
return	return	12:18
leftOperand	Identifier	12:25
.	.	12:36
eval	Identifier	12:37
(	(	12:41
)	)	12:42
+	+	12:44
rightOperand	Identifier	12:46
.	.	12:58
eval	Identifier	12:59
(	(	12:63
)	)	12:64
;	;	12:65
}	}	12:67
}	}	13:1
class	class	15:1
UnOp	CLASS_ID	15:7
extends	extends	15:12
Expr	CLASS_ID	15:20
{	{	15:25
Expr	CLASS_ID	16:5
operand	Identifier	16:10
;	;	16:17
}	}	17:1
class	class	19:1
Negate	CLASS_ID	19:7
extends	extends	19:14
UnOp	CLASS_ID	19:22
{	{	19:27
int	int	20:2
eval	Identifier	20:6
(	(	20:10
)	)	20:11
{	{	20:13
return	return	20:15
-	-	20:22
operand	Identifier	20:23
.	.	20:30
eval	Identifier	20:31
(	(	20:35
)	)	20:36
;	;	20:37
}	}	20:39
}	}	21:1
class	class	23:1
NonZero	CLASS_ID	23:7
extends	extends	23:15
UnOp	CLASS_ID	23:23
{	{	23:28
int	int	24:2
eval	Identifier	24:6
(	(	24:10
)	)	24:11
{	{	24:13
return	return	24:15
!	!	24:22
operand	Identifier	24:23
;	;	24:30
}	}	24:32
}	}	25:1
