token	tag	line :column
class	class	1:1
Arith	CLASS_ID	1:7
{	{	2:1
void	void	3:2
computeSomething	Identifier	3:7
(	(	3:23
)	)	3:24
{	{	4:2
int	int	5:3
a	Identifier	5:7
;	;	5:8
a	Identifier	6:3
=	=	6:5
(	(	6:7
5	INTEGER	6:8
+	+	6:9
8	INTEGER	6:10
)	)	6:11
*	*	6:13
11	INTEGER	6:15
;	;	6:17
a	Identifier	7:3
=	=	7:5
5	INTEGER	7:7
+	+	7:9
8	INTEGER	7:11
*	*	7:13
11	INTEGER	7:15
;	;	7:17
a	Identifier	8:3
=	=	8:5
5	INTEGER	8:7
-	-	8:9
8	INTEGER	8:11
-	-	8:13
11	INTEGER	8:15
;	;	8:17
a	Identifier	9:3
=	=	9:5
-	-	9:7
143	INTEGER	9:8
;	;	9:11
boolean	boolean	10:3
b	Identifier	10:11
;	;	10:12
b	Identifier	11:3
=	=	11:5
a	Identifier	11:7
==	==	11:9
143	INTEGER	11:12
||	||	11:16
a	Identifier	11:19
<	<	11:21
0	INTEGER	11:23
*	*	11:25
max	Identifier	11:27
||	||	11:31
!	!	11:34
true	true	11:36
;	;	11:40
}	}	12:2
}	}	13:1
