token	tag	line :column
class	class	1:1
Dangler	CLASS_ID	1:7
{	{	2:1
void	void	3:2
main	Identifier	3:7
(	(	3:11
string	string	3:12
[	[	3:18
]	]	3:19
args	Identifier	3:21
)	)	3:25
{	{	3:27
if	if	4:3
(	(	4:6
args	Identifier	4:7
.	.	4:11
length	length	4:12
>	>	4:19
0	INTEGER	4:21
)	)	4:22
if	if	5:3
(	(	5:6
args	Identifier	5:7
[	[	5:11
0	INTEGER	5:12
]	]	5:13
.	.	5:14
equals	Identifier	5:15
(	(	5:21
"--help"	STRING	5:22
)	)	5:30
)	)	5:31
Library	CLASS_ID	6:4
.	.	6:11
println	Identifier	6:12
(	(	6:19
"usage"	STRING	6:20
)	)	6:27
;	;	6:28
else	else	7:3
Library	CLASS_ID	8:4
.	.	8:11
println	Identifier	8:12
(	(	8:19
args	Identifier	8:20
[	[	8:24
0	INTEGER	8:25
]	]	8:26
)	)	8:27
;	;	8:28
}	}	9:2
}	}	10:1
