token	tag	line :column
class	class	1:1
A	CLASS_ID	1:7
{	{	1:8
int	int	2:2
f	Identifier	2:6
;	;	2:7
static	static	4:2
void	void	4:9
main	Identifier	4:14
(	(	4:18
string	string	4:19
[	[	4:25
]	]	4:26
args	Identifier	4:28
)	)	4:32
{	{	4:33
}	}	5:2
void	void	7:2
test	Identifier	7:7
(	(	7:11
)	)	7:12
{	{	7:14
int	int	8:3
a	Identifier	8:7
;	;	8:8
A	CLASS_ID	10:3
b	Identifier	10:5
;	;	10:6
m	Identifier	12:3
(	(	12:4
)	)	12:5
=	=	12:7
b	Identifier	12:9
;	;	12:10
}	}	13:2
A	CLASS_ID	15:2
m	Identifier	15:4
(	(	15:5
)	)	15:6
{	{	15:7
return	return	16:3
new	new	16:10
A	CLASS_ID	16:14
(	(	16:15
)	)	16:16
;	;	16:17
}	}	17:2
}	}	18:1
