token	tag	line :column
class	class	1:1
A	CLASS_ID	1:7
{	{	1:8
int	int	2:2
a	Identifier	2:6
;	;	2:7
int	int	3:2
[	[	3:5
]	]	3:6
b	Identifier	3:8
;	;	3:9
static	static	5:2
void	void	5:9
main	Identifier	5:14
(	(	5:18
string	string	5:19
[	[	5:25
]	]	5:26
args	Identifier	5:28
)	)	5:32
{	{	5:33
}	}	5:34
void	void	7:2
test	Identifier	7:7
(	(	7:11
)	)	7:12
{	{	7:14
a	Identifier	8:3
=	=	8:5
a	Identifier	8:7
;	;	8:8
A	CLASS_ID	9:3
.	.	9:4
main	Identifier	9:5
(	(	9:9
)	)	9:10
=	=	9:12
2	INTEGER	9:14
;	;	9:15
}	}	10:2
}	}	11:1
