token	tag	line :column
class	class	1:1
A	CLASS_ID	1:7
{	{	1:8
static	static	2:2
void	void	2:9
main	Identifier	2:14
(	(	2:18
string	string	2:19
[	[	2:25
]	]	2:26
args	Identifier	2:28
)	)	2:32
{	{	2:33
m	Identifier	3:3
(	(	3:4
args	Identifier	3:5
)	)	3:9
[	[	3:10
]	]	3:11
=	=	3:13
1	INTEGER	3:15
;	;	3:16
}	}	4:2
static	static	6:2
int	int	6:9
[	[	6:12
]	]	6:13
m	Identifier	6:15
(	(	6:16
string	string	6:17
[	[	6:23
]	]	6:24
s	Identifier	6:26
)	)	6:27
{	{	6:28
int	int	7:3
[	[	7:6
]	]	7:7
a	Identifier	7:9
=	=	7:11
new	new	7:13
int	int	7:17
[	[	7:20
]	]	7:21
;	;	7:22
return	return	8:3
a	Identifier	8:10
;	;	8:11
}	}	9:2
}	}	10:1
