token	tag	line :column
class	class	1:1
A	CLASS_ID	1:7
{	{	1:8
int	int	2:2
a	Identifier	2:6
;	;	2:7
int	int	3:2
[	[	3:5
]	]	3:6
b	Identifier	3:8
;	;	3:9
static	static	5:2
void	void	5:9
main	Identifier	5:14
(	(	5:18
string	string	5:19
[	[	5:25
]	]	5:26
args	Identifier	5:28
)	)	5:32
{	{	5:33
(	(	6:3
new	new	6:4
A	CLASS_ID	6:8
(	(	6:9
)	)	6:10
)	)	6:11
.	.	6:12
doStuff	Identifier	6:13
(	(	6:20
)	)	6:21
;	;	6:22
}	}	7:2
void	void	9:2
doStuff	Identifier	9:7
(	(	9:14
)	)	9:15
{	{	9:17
a	Identifier	10:3
=	=	10:5
(	(	10:7
(	(	10:8
(	(	10:9
(	(	10:10
(	(	10:11
(	(	10:12
a	Identifier	10:13
)	)	10:14
)	)	10:15
)	)	10:16
)	)	10:17
)	)	10:18
+	+	10:19
b	Identifier	10:20
[	[	10:21
0	INTEGER	10:22
]	]	10:23
;	;	10:24
}	}	11:2
}	}	12:1
