token	tag	line :column
class	class	1:1
IF	CLASS_ID	1:7
{	{	1:9
static	static	2:2
void	void	2:9
main	Identifier	2:14
(	(	2:18
string	string	2:19
[	[	2:25
]	]	2:26
args	Identifier	2:28
)	)	2:32
{	{	2:33
int	int	3:3
a	Identifier	3:7
,	,	3:8
b	Identifier	3:10
,	,	3:11
c	Identifier	3:13
;	;	3:14
int	int	4:3
[	[	4:6
]	]	4:7
aa	Identifier	4:9
;	;	4:11
if	if	5:3
(	(	5:5
args	Identifier	5:6
[	[	5:10
0	INTEGER	5:11
]	]	5:12
=	=	5:14
args	Identifier	5:16
[	[	5:20
1	INTEGER	5:21
]	]	5:22
)	)	5:23
{	{	5:24
if	if	6:4
(	(	6:6
aa	Identifier	6:7
[	[	6:9
a	Identifier	6:10
+	+	6:11
b	Identifier	6:12
]	]	6:13
-	-	6:14
c	Identifier	6:15
==	==	6:17
aa	Identifier	6:20
[	[	6:22
0	INTEGER	6:23
]	]	6:24
)	)	6:25
return	return	7:4
;	;	7:10
}	}	8:3
else	else	9:3
{	{	9:7
aa	Identifier	10:4
[	[	10:6
a	Identifier	10:7
+	+	10:8
b	Identifier	10:9
]	]	10:10
=	=	10:12
aa	Identifier	10:14
[	[	10:16
0	INTEGER	10:17
]	]	10:18
+	+	10:19
c	Identifier	10:20
;	;	10:21
}	}	11:3
}	}	12:2
}	}	13:1
