token	tag	line :column
class	class	1:1
IF	CLASS_ID	1:7
{	{	1:9
static	static	2:2
void	void	2:9
main	Identifier	2:14
(	(	2:18
string	string	2:19
[	[	2:25
]	]	2:26
args	Identifier	2:28
)	)	2:32
{	{	2:33
int	int	3:3
a	Identifier	3:7
;	;	3:8
int	int	4:3
b	Identifier	4:7
;	;	4:8
int	int	5:3
c	Identifier	5:7
;	;	5:8
int	int	6:3
[	[	6:6
]	]	6:7
aa	Identifier	6:9
;	;	6:11
if	if	7:3
(	(	7:5
args	Identifier	7:6
[	[	7:10
0	INTEGER	7:11
]	]	7:12
=	=	7:14
args	Identifier	7:16
[	[	7:20
1	INTEGER	7:21
]	]	7:22
)	)	7:23
{	{	7:24
if	if	8:4
(	(	8:6
aa	Identifier	8:7
[	[	8:9
a	Identifier	8:10
+	+	8:11
b	Identifier	8:12
]	]	8:13
-	-	8:14
c	Identifier	8:15
==	==	8:17
aa	Identifier	8:20
[	[	8:22
0	INTEGER	8:23
]	]	8:24
)	)	8:25
return	return	9:4
;	;	9:10
}	}	10:3
else	else	11:3
{	{	11:7
aa	Identifier	12:4
[	[	12:6
a	Identifier	12:7
+	+	12:8
b	Identifier	12:9
]	]	12:10
=	=	12:12
aa	Identifier	12:14
[	[	12:16
0	INTEGER	12:17
]	]	12:18
+	+	12:19
c	Identifier	12:20
;	;	12:21
}	}	13:3
}	}	14:2
}	}	15:1
