token	tag	line :column
class	class	1:1
K	CLASS_ID	1:7
{	{	1:8
static	static	2:2
void	void	2:9
main	Identifier	2:14
(	(	2:18
string	string	2:19
[	[	2:25
]	]	2:26
args	Identifier	2:28
)	)	2:32
{	{	2:33
}	}	2:34
void	void	4:2
test	Identifier	4:7
(	(	4:11
)	)	4:12
{	{	4:14
int	int	5:3
[	[	5:6
]	]	5:7
a	Identifier	5:9
=	=	5:11
new	new	5:13
int	int	5:17
[	[	5:20
1	INTEGER	5:21
]	]	5:22
;	;	5:23
int	int	6:3
x	Identifier	6:7
;	;	6:8
x	Identifier	8:3
=	=	8:5
a	Identifier	8:7
.	.	8:8
length	length	8:9
(	(	8:15
)	)	8:16
;	;	8:17
}	}	9:2
}	}	10:1
