token	tag	line :column
class	class	1:1
K	CLASS_ID	1:7
{	{	1:8
static	static	2:2
void	void	2:9
main	Identifier	2:14
(	(	2:18
string	string	2:19
[	[	2:25
]	]	2:26
args	Identifier	2:28
)	)	2:32
{	{	2:33
}	}	2:34
void	void	4:2
test	Identifier	4:7
(	(	4:11
)	)	4:12
{	{	4:14
int	int	5:3
[	[	5:6
]	]	5:7
[	[	5:8
]	]	5:9
a	Identifier	5:11
=	=	5:13
new	new	5:15
int	int	5:19
[	[	5:22
]	]	5:23
[	[	5:24
10	INTEGER	5:25
]	]	5:27
;	;	5:28
a	Identifier	7:3
[	[	7:4
]	]	7:5
[	[	7:6
10	INTEGER	7:7
]	]	7:9
=	=	7:11
2	INTEGER	7:13
;	;	7:14
}	}	8:2
}	}	9:1
